# JRE version: OpenJDK Runtime Environment (17.0.9) (build 17.0.9+0--11185874)
# Java VM: OpenJDK 64-Bit Server VM (17.0.9+0--11185874, mixed mode, tiered, compressed oops, compressed class ptrs, g1 gc, windows-amd64)
GC Precious Log:
 CPUs: 8 total, 8 available
 Memory: 8014M
 Large Page Support: Disabled
 NUMA Support: Disabled
 Compressed Oops: Enabled (32-bit)
 Heap Region Size: 1M
 Heap Min Capacity: 8M
 Heap Initial Capacity: 126M
 Heap Max Capacity: 2G
 Pre-touch: Disabled
 Parallel Workers: 8
 Concurrent Workers: 2
 Concurrent Refinement Workers: 8
 Periodic GC: Disabled
Heap:
 garbage-first heap   total 369664K, used 307814K [0x0000000080000000, 0x0000000100000000)
  region size 1024K, 3 young (3072K), 3 survivors (3072K)
 Metaspace       used 138772K, committed 139648K, reserved 1179648K
  class space    used 18716K, committed 19136K, reserved 1048576K
GC Heap History (20 events):
Event: 47.862 GC heap after
{Heap after GC invocations=56 (full 0):
 garbage-first heap   total 356352K, used 242908K [0x0000000080000000, 0x0000000100000000)
  region size 1024K, 3 young (3072K), 3 survivors (3072K)
 Metaspace       used 125098K, committed 125952K, reserved 1179648K
  class space    used 16786K, committed 17216K, reserved 1048576K
}
Event: 48.290 GC heap before
{Heap before GC invocations=56 (full 0):
 garbage-first heap   total 356352K, used 277724K [0x0000000080000000, 0x0000000100000000)
  region size 1024K, 39 young (39936K), 3 survivors (3072K)
 Metaspace       used 128355K, committed 129216K, reserved 1179648K
  class space    used 17216K, committed 17664K, reserved 1048576K
}
Event: 48.297 GC heap after
{Heap after GC invocations=57 (full 0):
 garbage-first heap   total 356352K, used 244406K [0x0000000080000000, 0x0000000100000000)
  region size 1024K, 5 young (5120K), 5 survivors (5120K)
 Metaspace       used 128355K, committed 129216K, reserved 1179648K
  class space    used 17216K, committed 17664K, reserved 1048576K
}
Event: 49.441 GC heap before
{Heap before GC invocations=58 (full 0):
 garbage-first heap   total 356352K, used 235190K [0x0000000080000000, 0x0000000100000000)
  region size 1024K, 63 young (64512K), 5 survivors (5120K)
 Metaspace       used 132690K, committed 133568K, reserved 1179648K
  class space    used 17872K, committed 18304K, reserved 1048576K
}
Event: 49.447 GC heap after
{Heap after GC invocations=59 (full 0):
 garbage-first heap   total 356352K, used 176078K [0x0000000080000000, 0x0000000100000000)
  region size 1024K, 5 young (5120K), 5 survivors (5120K)
 Metaspace       used 132690K, committed 133568K, reserved 1179648K
  class space    used 17872K, committed 18304K, reserved 1048576K
}
Event: 49.649 GC heap before
{Heap before GC invocations=59 (full 0):
 garbage-first heap   total 356352K, used 188366K [0x0000000080000000, 0x0000000100000000)
  region size 1024K, 17 young (17408K), 5 survivors (5120K)
 Metaspace       used 133561K, committed 134400K, reserved 1179648K
  class space    used 18011K, committed 18432K, reserved 1048576K
}
Event: 49.656 GC heap after
{Heap after GC invocations=60 (full 0):
 garbage-first heap   total 356352K, used 141141K [0x0000000080000000, 0x0000000100000000)
  region size 1024K, 2 young (2048K), 2 survivors (2048K)
 Metaspace       used 133561K, committed 134400K, reserved 1179648K
  class space    used 18011K, committed 18432K, reserved 1048576K
}
Event: 50.005 GC heap before
{Heap before GC invocations=60 (full 0):
 garbage-first heap   total 356352K, used 156501K [0x0000000080000000, 0x0000000100000000)
  region size 1024K, 17 young (17408K), 2 survivors (2048K)
 Metaspace       used 134776K, committed 135680K, reserved 1179648K
  class space    used 18193K, committed 18624K, reserved 1048576K
}
Event: 50.009 GC heap after
{Heap after GC invocations=61 (full 0):
 garbage-first heap   total 356352K, used 138925K [0x0000000080000000, 0x0000000100000000)
  region size 1024K, 2 young (2048K), 2 survivors (2048K)
 Metaspace       used 134776K, committed 135680K, reserved 1179648K
  class space    used 18193K, committed 18624K, reserved 1048576K
}
Event: 51.487 GC heap before
{Heap before GC invocations=61 (full 0):
 garbage-first heap   total 356352K, used 317101K [0x0000000080000000, 0x0000000100000000)
  region size 1024K, 152 young (155648K), 2 survivors (2048K)
 Metaspace       used 136668K, committed 137472K, reserved 1179648K
  class space    used 18415K, committed 18816K, reserved 1048576K
}
Event: 51.505 GC heap after
{Heap after GC invocations=62 (full 0):
 garbage-first heap   total 356352K, used 187789K [0x0000000080000000, 0x0000000100000000)
  region size 1024K, 19 young (19456K), 19 survivors (19456K)
 Metaspace       used 136668K, committed 137472K, reserved 1179648K
  class space    used 18415K, committed 18816K, reserved 1048576K
}
Event: 52.923 GC heap before
{Heap before GC invocations=63 (full 0):
 garbage-first heap   total 356352K, used 326029K [0x0000000080000000, 0x0000000100000000)
  region size 1024K, 72 young (73728K), 19 survivors (19456K)
 Metaspace       used 138657K, committed 139520K, reserved 1179648K
  class space    used 18711K, committed 19136K, reserved 1048576K
}
Event: 52.946 GC heap after
{Heap after GC invocations=64 (full 0):
 garbage-first heap   total 367616K, used 253179K [0x0000000080000000, 0x0000000100000000)
  region size 1024K, 15 young (15360K), 15 survivors (15360K)
 Metaspace       used 138657K, committed 139520K, reserved 1179648K
  class space    used 18711K, committed 19136K, reserved 1048576K
}
Event: 52.949 GC heap before
{Heap before GC invocations=64 (full 0):
 garbage-first heap   total 367616K, used 258299K [0x0000000080000000, 0x0000000100000000)
  region size 1024K, 17 young (17408K), 15 survivors (15360K)
 Metaspace       used 138657K, committed 139520K, reserved 1179648K
  class space    used 18711K, committed 19136K, reserved 1048576K
}
Event: 52.955 GC heap after
{Heap after GC invocations=65 (full 0):
 garbage-first heap   total 367616K, used 252785K [0x0000000080000000, 0x0000000100000000)
  region size 1024K, 1 young (1024K), 1 survivors (1024K)
 Metaspace       used 138657K, committed 139520K, reserved 1179648K
  class space    used 18711K, committed 19136K, reserved 1048576K
}
Event: 53.165 GC heap before
{Heap before GC invocations=65 (full 0):
 garbage-first heap   total 367616K, used 348017K [0x0000000080000000, 0x0000000100000000)
  region size 1024K, 49 young (50176K), 1 survivors (1024K)
 Metaspace       used 138772K, committed 139648K, reserved 1179648K
  class space    used 18716K, committed 19136K, reserved 1048576K
}
Event: 53.180 GC heap after
{Heap after GC invocations=66 (full 0):
 garbage-first heap   total 369664K, used 290288K [0x0000000080000000, 0x0000000100000000)
  region size 1024K, 7 young (7168K), 7 survivors (7168K)
 Metaspace       used 138772K, committed 139648K, reserved 1179648K
  class space    used 18716K, committed 19136K, reserved 1048576K
}
Event: 53.329 GC heap before
{Heap before GC invocations=66 (full 0):
 garbage-first heap   total 369664K, used 313840K [0x0000000080000000, 0x0000000100000000)
  region size 1024K, 29 young (29696K), 7 survivors (7168K)
 Metaspace       used 138772K, committed 139648K, reserved 1179648K
  class space    used 18716K, committed 19136K, reserved 1048576K
}
Event: 53.343 GC heap after
{Heap after GC invocations=67 (full 0):
 garbage-first heap   total 369664K, used 302095K [0x0000000080000000, 0x0000000100000000)
  region size 1024K, 4 young (4096K), 4 survivors (4096K)
 Metaspace       used 138772K, committed 139648K, reserved 1179648K
  class space    used 18716K, committed 19136K, reserved 1048576K
}
Event: 53.432 GC heap before
{Heap before GC invocations=67 (full 0):
 garbage-first heap   total 369664K, used 315407K [0x0000000080000000, 0x0000000100000000)
  region size 1024K, 18 young (18432K), 4 survivors (4096K)
 Metaspace       used 138772K, committed 139648K, reserved 1179648K
  class space    used 18716K, committed 19136K, reserved 1048576K
}

