# JRE version: OpenJDK Runtime Environment (17.0.9) (build 17.0.9+0--11185874)
# Java VM: OpenJDK 64-Bit Server VM (17.0.9+0--11185874, mixed mode, tiered, compressed oops, compressed class ptrs, g1 gc, windows-amd64)
GC Precious Log:
 CPUs: 8 total, 8 available
 Memory: 8014M
 Large Page Support: Disabled
 NUMA Support: Disabled
 Compressed Oops: Enabled (32-bit)
 Heap Region Size: 1M
 Heap Min Capacity: 8M
 Heap Initial Capacity: 126M
 Heap Max Capacity: 2G
 Pre-touch: Disabled
 Parallel Workers: 8
 Concurrent Workers: 2
 Concurrent Refinement Workers: 8
 Periodic GC: Disabled
Heap:
 garbage-first heap   total 78848K, used 51365K [0x0000000080000000, 0x0000000100000000)
  region size 1024K, 11 young (11264K), 2 survivors (2048K)
 Metaspace       used 42705K, committed 43072K, reserved 1114112K
  class space    used 5882K, committed 6080K, reserved 1048576K
GC Heap History (20 events):
Event: 3.791 GC heap before
{Heap before GC invocations=2 (full 0):
 garbage-first heap   total 129024K, used 60316K [0x0000000080000000, 0x0000000100000000)
  region size 1024K, 50 young (51200K), 1 survivors (1024K)
 Metaspace       used 21314K, committed 21504K, reserved 1114112K
  class space    used 2514K, committed 2624K, reserved 1048576K
}
Event: 3.800 GC heap after
{Heap after GC invocations=3 (full 0):
 garbage-first heap   total 129024K, used 18741K [0x0000000080000000, 0x0000000100000000)
  region size 1024K, 9 young (9216K), 9 survivors (9216K)
 Metaspace       used 21314K, committed 21504K, reserved 1114112K
  class space    used 2514K, committed 2624K, reserved 1048576K
}
Event: 5.084 GC heap before
{Heap before GC invocations=4 (full 0):
 garbage-first heap   total 71680K, used 51509K [0x0000000080000000, 0x0000000100000000)
  region size 1024K, 42 young (43008K), 9 survivors (9216K)
 Metaspace       used 26596K, committed 26944K, reserved 1114112K
  class space    used 3403K, committed 3584K, reserved 1048576K
}
Event: 5.091 GC heap after
{Heap after GC invocations=5 (full 0):
 garbage-first heap   total 71680K, used 20863K [0x0000000080000000, 0x0000000100000000)
  region size 1024K, 2 young (2048K), 2 survivors (2048K)
 Metaspace       used 26596K, committed 26944K, reserved 1114112K
  class space    used 3403K, committed 3584K, reserved 1048576K
}
Event: 5.116 GC heap before
{Heap before GC invocations=5 (full 0):
 garbage-first heap   total 71680K, used 21887K [0x0000000080000000, 0x0000000100000000)
  region size 1024K, 3 young (3072K), 2 survivors (2048K)
 Metaspace       used 26724K, committed 27008K, reserved 1114112K
  class space    used 3430K, committed 3584K, reserved 1048576K
}
Event: 5.119 GC heap after
{Heap after GC invocations=6 (full 0):
 garbage-first heap   total 71680K, used 21035K [0x0000000080000000, 0x0000000100000000)
  region size 1024K, 1 young (1024K), 1 survivors (1024K)
 Metaspace       used 26724K, committed 27008K, reserved 1114112K
  class space    used 3430K, committed 3584K, reserved 1048576K
}
Event: 5.796 GC heap before
{Heap before GC invocations=6 (full 0):
 garbage-first heap   total 71680K, used 49707K [0x0000000080000000, 0x0000000100000000)
  region size 1024K, 29 young (29696K), 1 survivors (1024K)
 Metaspace       used 30564K, committed 30848K, reserved 1114112K
  class space    used 4096K, committed 4224K, reserved 1048576K
}
Event: 5.798 GC heap after
{Heap after GC invocations=7 (full 0):
 garbage-first heap   total 71680K, used 22546K [0x0000000080000000, 0x0000000100000000)
  region size 1024K, 2 young (2048K), 2 survivors (2048K)
 Metaspace       used 30564K, committed 30848K, reserved 1114112K
  class space    used 4096K, committed 4224K, reserved 1048576K
}
Event: 7.439 GC heap before
{Heap before GC invocations=7 (full 0):
 garbage-first heap   total 71680K, used 37906K [0x0000000080000000, 0x0000000100000000)
  region size 1024K, 11 young (11264K), 2 survivors (2048K)
 Metaspace       used 31369K, committed 31680K, reserved 1114112K
  class space    used 4238K, committed 4352K, reserved 1048576K
}
Event: 7.442 GC heap after
{Heap after GC invocations=8 (full 0):
 garbage-first heap   total 71680K, used 33193K [0x0000000080000000, 0x0000000100000000)
  region size 1024K, 4 young (4096K), 4 survivors (4096K)
 Metaspace       used 31369K, committed 31680K, reserved 1114112K
  class space    used 4238K, committed 4352K, reserved 1048576K
}
Event: 7.832 GC heap before
{Heap before GC invocations=8 (full 0):
 garbage-first heap   total 71680K, used 56745K [0x0000000080000000, 0x0000000100000000)
  region size 1024K, 25 young (25600K), 4 survivors (4096K)
 Metaspace       used 33832K, committed 34240K, reserved 1114112K
  class space    used 4620K, committed 4800K, reserved 1048576K
}
Event: 7.835 GC heap after
{Heap after GC invocations=9 (full 0):
 garbage-first heap   total 71680K, used 38830K [0x0000000080000000, 0x0000000100000000)
  region size 1024K, 3 young (3072K), 3 survivors (3072K)
 Metaspace       used 33832K, committed 34240K, reserved 1114112K
  class space    used 4620K, committed 4800K, reserved 1048576K
}
Event: 8.091 GC heap before
{Heap before GC invocations=9 (full 0):
 garbage-first heap   total 71680K, used 52142K [0x0000000080000000, 0x0000000100000000)
  region size 1024K, 17 young (17408K), 3 survivors (3072K)
 Metaspace       used 35619K, committed 35968K, reserved 1114112K
  class space    used 4891K, committed 5056K, reserved 1048576K
}
Event: 8.093 GC heap after
{Heap after GC invocations=10 (full 0):
 garbage-first heap   total 71680K, used 39555K [0x0000000080000000, 0x0000000100000000)
  region size 1024K, 1 young (1024K), 1 survivors (1024K)
 Metaspace       used 35619K, committed 35968K, reserved 1114112K
  class space    used 4891K, committed 5056K, reserved 1048576K
}
Event: 8.397 GC heap before
{Heap before GC invocations=11 (full 0):
 garbage-first heap   total 71680K, used 56963K [0x0000000080000000, 0x0000000100000000)
  region size 1024K, 19 young (19456K), 1 survivors (1024K)
 Metaspace       used 38588K, committed 38976K, reserved 1114112K
  class space    used 5315K, committed 5504K, reserved 1048576K
}
Event: 8.400 GC heap after
{Heap after GC invocations=12 (full 0):
 garbage-first heap   total 71680K, used 40153K [0x0000000080000000, 0x0000000100000000)
  region size 1024K, 2 young (2048K), 2 survivors (2048K)
 Metaspace       used 38588K, committed 38976K, reserved 1114112K
  class space    used 5315K, committed 5504K, reserved 1048576K
}
Event: 8.618 GC heap before
{Heap before GC invocations=12 (full 0):
 garbage-first heap   total 71680K, used 57561K [0x0000000080000000, 0x0000000100000000)
  region size 1024K, 20 young (20480K), 2 survivors (2048K)
 Metaspace       used 39972K, committed 40320K, reserved 1114112K
  class space    used 5423K, committed 5568K, reserved 1048576K
}
Event: 8.621 GC heap after
{Heap after GC invocations=13 (full 0):
 garbage-first heap   total 71680K, used 42456K [0x0000000080000000, 0x0000000100000000)
  region size 1024K, 3 young (3072K), 3 survivors (3072K)
 Metaspace       used 39972K, committed 40320K, reserved 1114112K
  class space    used 5423K, committed 5568K, reserved 1048576K
}
Event: 8.845 GC heap before
{Heap before GC invocations=14 (full 0):
 garbage-first heap   total 78848K, used 57816K [0x0000000080000000, 0x0000000100000000)
  region size 1024K, 19 young (19456K), 3 survivors (3072K)
 Metaspace       used 42180K, committed 42624K, reserved 1114112K
  class space    used 5836K, committed 6016K, reserved 1048576K
}
Event: 8.849 GC heap after
{Heap after GC invocations=15 (full 0):
 garbage-first heap   total 78848K, used 43173K [0x0000000080000000, 0x0000000100000000)
  region size 1024K, 2 young (2048K), 2 survivors (2048K)
 Metaspace       used 42180K, committed 42624K, reserved 1114112K
  class space    used 5836K, committed 6016K, reserved 1048576K
}

